c:\users\salah\source\repos\dmsproject\dmsproject\debug\vc141.pdb
c:\users\salah\source\repos\dmsproject\dmsproject\debug\vc141.idb
c:\users\salah\source\repos\dmsproject\dmsproject\debug\timingwheel.obj
c:\users\salah\source\repos\dmsproject\dmsproject\debug\query.obj
c:\users\salah\source\repos\dmsproject\dmsproject\debug\personphonecontact.obj
c:\users\salah\source\repos\dmsproject\dmsproject\debug\personemailcontact.obj
c:\users\salah\source\repos\dmsproject\dmsproject\debug\personaddresscontact.obj
c:\users\salah\source\repos\dmsproject\dmsproject\debug\person.obj
c:\users\salah\source\repos\dmsproject\dmsproject\debug\partition.obj
c:\users\salah\source\repos\dmsproject\dmsproject\debug\driver.obj
c:\users\salah\source\repos\dmsproject\dmsproject\debug\dms.obj
c:\users\salah\source\repos\dmsproject\dmsproject\debug\contact.obj
c:\users\salah\source\repos\dmsproject\dmsproject\debug\businesswebcontact.obj
c:\users\salah\source\repos\dmsproject\dmsproject\debug\businessphonecontact.obj
c:\users\salah\source\repos\dmsproject\dmsproject\debug\businessaddresscontact.obj
c:\users\salah\source\repos\dmsproject\dmsproject\debug\business.obj
c:\users\salah\source\repos\dmsproject\debug\dmsproject.exe
c:\users\salah\source\repos\dmsproject\debug\dmsproject.ilk
c:\users\salah\source\repos\dmsproject\debug\dmsproject.pdb
c:\users\salah\source\repos\dmsproject\dmsproject\debug\timingwheel.obj.enc
c:\users\salah\source\repos\dmsproject\dmsproject\debug\dmsproject.tlog\cl.command.1.tlog
c:\users\salah\source\repos\dmsproject\dmsproject\debug\dmsproject.tlog\cl.read.1.tlog
c:\users\salah\source\repos\dmsproject\dmsproject\debug\dmsproject.tlog\cl.write.1.tlog
c:\users\salah\source\repos\dmsproject\dmsproject\debug\dmsproject.tlog\link.command.1.tlog
c:\users\salah\source\repos\dmsproject\dmsproject\debug\dmsproject.tlog\link.read.1.tlog
c:\users\salah\source\repos\dmsproject\dmsproject\debug\dmsproject.tlog\link.write.1.tlog
